[debug] [2018-03-11T18:31:52.357Z] ----------------------------------------------------------------------
[debug] [2018-03-11T18:31:52.360Z] Command:       C:\Program Files\nodejs\node.exe C:\Users\Jinster\AppData\Roaming\npm\node_modules\firebase-tools\bin\firebase serve
[debug] [2018-03-11T18:31:52.360Z] CLI Version:   3.17.6
[debug] [2018-03-11T18:31:52.360Z] Platform:      win32
[debug] [2018-03-11T18:31:52.360Z] Node Version:  v6.11.3
[debug] [2018-03-11T18:31:52.360Z] Time:          Mon Mar 12 2018 02:31:52 GMT+0800 (Malay Peninsula Standard Time)
[debug] [2018-03-11T18:31:52.361Z] ----------------------------------------------------------------------
[debug] 
[debug] [2018-03-11T18:31:52.371Z] > command requires scopes: ["email","openid","https://www.googleapis.com/auth/cloudplatformprojects.readonly","https://www.googleapis.com/auth/firebase","https://www.googleapis.com/auth/cloud-platform"]
[debug] [2018-03-11T18:31:52.371Z] > authorizing via signed-in user
[debug] [2018-03-11T18:31:52.371Z] > refreshing access token with scopes: ["email","https://www.googleapis.com/auth/cloud-platform","https://www.googleapis.com/auth/cloudplatformprojects.readonly","https://www.googleapis.com/auth/firebase","openid"]
[debug] [2018-03-11T18:31:52.371Z] >>> HTTP REQUEST POST https://www.googleapis.com/oauth2/v3/token  
 { refresh_token: '1/WeJwdPmmtIAT5QmYfvM8GQ_Rb5YRRVEAa7Oh9AdfexZUPQ5Km5txMrdnP9Ju3aSO',
  client_id: '563584335869-fgrhgmd47bqnekij5i8b5pr03ho849e6.apps.googleusercontent.com',
  client_secret: 'j9iVZfS8kkCEFUPaAeJV0sAi',
  grant_type: 'refresh_token',
  scope: 'email https://www.googleapis.com/auth/cloud-platform https://www.googleapis.com/auth/cloudplatformprojects.readonly https://www.googleapis.com/auth/firebase openid' } 
 Mon Mar 12 2018 02:31:52 GMT+0800 (Malay Peninsula Standard Time)
[debug] [2018-03-11T18:31:52.476Z] <<< HTTP RESPONSE 200
[debug] [2018-03-11T18:31:52.482Z] >>> HTTP REQUEST GET https://admin.firebase.com/v1/projects/ivre-6cd52  
  
 Mon Mar 12 2018 02:31:52 GMT+0800 (Malay Peninsula Standard Time)
[debug] [2018-03-11T18:31:53.791Z] <<< HTTP RESPONSE 200
[debug] [2018-03-11T18:31:53.793Z] >>> HTTP REQUEST GET https://admin.firebase.com/v1/database/ivre-6cd52/tokens  
  
 Mon Mar 12 2018 02:31:53 GMT+0800 (Malay Peninsula Standard Time)
[debug] [2018-03-11T18:31:54.896Z] <<< HTTP RESPONSE 200
[debug] [2018-03-11T18:31:54.897Z] >>> HTTP REQUEST GET https://cloudresourcemanager.googleapis.com/v1/projects/ivre-6cd52  
  
 Mon Mar 12 2018 02:31:54 GMT+0800 (Malay Peninsula Standard Time)
[debug] [2018-03-11T18:31:56.638Z] <<< HTTP RESPONSE 200
[info] 
[info] === Serving from 'C:\Users\Jinster\Documents\NUS\Y2S2\BT3103\IVRE'...
[info] 
[debug] [2018-03-11T18:31:56.648Z] >>> HTTP REQUEST GET https://mobilesdk-pa.googleapis.com/v1/projects/349652609210/clients/_:getWebAppConfig  
  
 Mon Mar 12 2018 02:31:56 GMT+0800 (Malay Peninsula Standard Time)
[debug] [2018-03-11T18:31:57.558Z] <<< HTTP RESPONSE 200
[info] i  hosting: Serving hosting files from: build
[info] +  hosting: Local server: http://localhost:5000

